-------------------------------------------------------------------------------
Test set: com.retail.product.productservice.ProductServiceApplicationTests
-------------------------------------------------------------------------------
Tests run: 1, Failures: 0, Errors: 1, Skipped: 0, Time elapsed: 3.245 s <<< FAILURE! - in com.retail.product.productservice.ProductServiceApplicationTests
contextLoads  Time elapsed: 0.001 s  <<< ERROR!
java.lang.IllegalStateException: Failed to load ApplicationContext
Caused by: org.springframework.beans.factory.BeanCreationException: 
Error creating bean with name 'dataSourceScriptDatabaseInitializer' defined in class path resource [org/springframework/boot/autoconfigure/sql/init/DataSourceInitializationConfiguration.class]: Invocation of init method failed; nested exception is org.springframework.jdbc.datasource.init.ScriptStatementFailedException: Failed to execute SQL script statement #1 of URL [file:/C:/Users/bhava/Bhavani/Target/product-service/target/classes/data.sql]: INSERT INTO Product ( name) VALUES ( 'test'); nested exception is org.h2.jdbc.JdbcSQLSyntaxErrorException: Table "PRODUCT" not found; SQL statement:
INSERT INTO Product ( name) VALUES ( 'test') [42102-200]
Caused by: org.springframework.jdbc.datasource.init.ScriptStatementFailedException: 
Failed to execute SQL script statement #1 of URL [file:/C:/Users/bhava/Bhavani/Target/product-service/target/classes/data.sql]: INSERT INTO Product ( name) VALUES ( 'test'); nested exception is org.h2.jdbc.JdbcSQLSyntaxErrorException: Table "PRODUCT" not found; SQL statement:
INSERT INTO Product ( name) VALUES ( 'test') [42102-200]
Caused by: org.h2.jdbc.JdbcSQLSyntaxErrorException: 
Table "PRODUCT" not found; SQL statement:
INSERT INTO Product ( name) VALUES ( 'test') [42102-200]

